
时间【2018-04-16 21:45:20,341】 - 名称【access】 - 级别【INFO】 - 信息【用户 '1234' 登录成功】
时间【2018-04-16 22:55:16,167】 - 名称【access】 - 级别【INFO】 - 信息【用户 '1234' 登录成功】
时间【2018-04-16 22:56:50,719】 - 名称【access】 - 级别【INFO】 - 信息【用户 '1234' 登录成功】
时间【2018-04-16 22:57:31,490】 - 名称【access】 - 级别【INFO】 - 信息【用户 '1234' 登录成功】
时间【2018-04-16 23:09:40,946】 - 名称【access】 - 级别【INFO】 - 信息【用户 '1234' 登录成功】
时间【2018-04-16 23:12:49,405】 - 名称【access】 - 级别【INFO】 - 信息【用户 '1234' 登录成功】
时间【2018-04-16 23:14:41,592】 - 名称【access】 - 级别【INFO】 - 信息【用户 '1234' 登录成功】
时间【2018-04-16 23:15:26,377】 - 名称【access】 - 级别【INFO】 - 信息【用户 '1234' 登录成功】
时间【2018-04-16 23:18:22,547】 - 名称【access】 - 级别【INFO】 - 信息【用户 '1234' 登录成功】
时间【2018-04-16 23:20:19,159】 - 名称【access】 - 级别【INFO】 - 信息【用户 '1234' 登录成功】
时间【2018-04-16 23:21:09,123】 - 名称【access】 - 级别【INFO】 - 信息【用户 '1234' 登录成功】
时间【2018-04-16 23:22:17,023】 - 名称【access】 - 级别【INFO】 - 信息【用户 '1234' 登录成功】
时间【2018-04-16 23:22:53,439】 - 名称【access】 - 级别【INFO】 - 信息【用户 '1234' 登录成功】
时间【2018-04-16 23:24:17,244】 - 名称【access】 - 级别【INFO】 - 信息【用户 '1234' 登录成功】
时间【2018-04-17 00:06:14,708】 - 操作名称【access】 - 级别【INFO】 - 信息【用户 '1234' 登录成功】
时间【2018-04-17 00:07:00,734】 - 操作名称【access】 - 级别【INFO】 - 信息【用户 '1234' 登录成功】
时间【2018-04-17 21:13:39,605】 - 操作名称【access】 - 级别【INFO】 - 信息【用户 '1234' 登录成功】
时间【2018-04-17 21:14:56,331】 - 操作名称【access】 - 级别【INFO】 - 信息【用户 '1234' 登录成功】
时间【2018-04-17 21:17:02,684】 - 操作名称【access】 - 级别【INFO】 - 信息【用户 '1234' 登录成功】
时间【2018-04-17 21:18:31,572】 - 操作名称【access】 - 级别【INFO】 - 信息【用户 '1234' 登录成功】
时间【2018-04-17 21:19:42,848】 - 操作名称【access】 - 级别【INFO】 - 信息【用户 '1234' 登录成功】
时间【2018-04-17 21:19:44,387】 - 操作名称【access】 - 级别【INFO】 - 信息【进入取款】
时间【2018-04-17 21:25:49,305】 - 操作名称【access】 - 级别【INFO】 - 信息【用户 '1234' 登录成功】
时间【2018-04-17 21:25:53,919】 - 操作名称【access】 - 级别【INFO】 - 信息【进入取款】
时间【2018-04-17 21:28:42,049】 - 操作名称【access】 - 级别【INFO】 - 信息【用户 '1234' 登录成功】
时间【2018-04-17 21:29:45,591】 - 操作名称【access】 - 级别【INFO】 - 信息【用户 '1234' 登录成功】
时间【2018-04-17 21:29:47,890】 - 操作名称【access】 - 级别【INFO】 - 信息【进入取款】
时间【2018-04-17 21:32:38,978】 - 操作名称【access】 - 级别【INFO】 - 信息【用户 '1234' 登录成功】
时间【2018-04-17 21:32:42,640】 - 操作名称【access】 - 级别【INFO】 - 信息【进入取款】
时间【2018-04-17 21:34:02,077】 - 操作名称【access】 - 级别【INFO】 - 信息【用户 '1' 登录成功】
时间【2018-04-17 21:34:04,716】 - 操作名称【access】 - 级别【INFO】 - 信息【进入取款】
时间【2018-04-17 21:34:50,938】 - 操作名称【access】 - 级别【INFO】 - 信息【用户 '1' 登录成功】
时间【2018-04-17 21:35:01,769】 - 操作名称【access】 - 级别【INFO】 - 信息【进入取款】
时间【2018-04-17 21:46:05,547】 - 操作名称【access】 - 级别【INFO】 - 信息【用户 '1' 登录成功】
时间【2018-04-17 21:46:09,151】 - 操作名称【access】 - 级别【INFO】 - 信息【进入取款】
时间【2018-04-17 21:46:48,919】 - 操作名称【access】 - 级别【INFO】 - 信息【用户 '1' 登录成功】
时间【2018-04-17 21:46:54,104】 - 操作名称【access】 - 级别【INFO】 - 信息【进入取款】
时间【2018-04-17 21:48:56,641】 - 操作名称【access】 - 级别【INFO】 - 信息【用户 '1' 登录成功】
时间【2018-04-17 21:49:05,736】 - 操作名称【access】 - 级别【INFO】 - 信息【进入取款】
时间【2018-04-17 21:55:25,813】 - 操作名称【access】 - 级别【INFO】 - 信息【用户 '1' 登录成功】
时间【2018-04-17 21:55:30,687】 - 操作名称【access】 - 级别【INFO】 - 信息【进入还款】
时间【2018-04-17 21:56:07,812】 - 操作名称【access】 - 级别【INFO】 - 信息【用户 '1' 登录成功】
时间【2018-04-17 21:56:23,782】 - 操作名称【access】 - 级别【INFO】 - 信息【进入取款】
时间【2018-04-17 21:57:07,695】 - 操作名称【access】 - 级别【INFO】 - 信息【用户 '1' 登录成功】
时间【2018-04-17 21:57:14,415】 - 操作名称【access】 - 级别【INFO】 - 信息【进入取款】
时间【2018-04-17 21:57:18,712】 - 操作名称【access】 - 级别【INFO】 - 信息【退出取款】
时间【2018-04-17 21:57:37,875】 - 操作名称【access】 - 级别【INFO】 - 信息【进入还款】
时间【2018-04-17 21:57:55,182】 - 操作名称【access】 - 级别【INFO】 - 信息【进入取款】
时间【2018-04-17 21:58:12,000】 - 操作名称【access】 - 级别【INFO】 - 信息【退出取款】
